\BOOKMARK [0][]{chapter*.2}{\376\377\004\022\004\062\004\065\004\064\004\065\004\075\004\070\004\065}{}% 1
\BOOKMARK [0][]{chapter.1}{\376\377\000\040\0001\000.\000\040\000\040\004\020\004\073\004\063\004\076\004\100\004\070\004\102\004\074\000\040\000S\000i\000n\000g\000u\000l\000a\000r\000\040\000S\000p\000e\000c\000t\000r\000u\000m\000\040\000A\000n\000a\000l\000y\000s\000i\000s}{}% 2
\BOOKMARK [1][]{section.1.1}{\376\377\0001\000.\0001\000.\000\040\000\040\004\055\004\102\004\060\004\077\000\040\0001\000.\000\040\004\037\004\076\004\101\004\102\004\100\004\076\004\065\004\075\004\070\004\065\000\040\004\102\004\100\004\060\004\065\004\072\004\102\004\076\004\100\004\075\004\076\004\071\000\040\004\074\004\060\004\102\004\100\004\070\004\106\004\113\000\040\000\050\004\022\004\073\004\076\004\066\004\065\004\075\004\070\004\065\000\051}{chapter.1}% 3
\BOOKMARK [1][]{section.1.2}{\376\377\0001\000.\0002\000.\000\040\000\040\004\055\004\102\004\060\004\077\000\040\0002\000.\000\040\000S\000i\000n\000g\000u\000l\000a\000r\000\040\000V\000a\000l\000u\000e\000\040\000D\000e\000c\000o\000m\000p\000o\000s\000i\000t\000i\000o\000n\000\040\000\050\000S\000V\000D\000\051}{chapter.1}% 4
\BOOKMARK [1][]{section.1.3}{\376\377\0001\000.\0003\000.\000\040\000\040\004\055\004\102\004\060\004\077\000\040\0003\000.\000\040\004\023\004\100\004\103\004\077\004\077\004\070\004\100\004\076\004\062\004\072\004\060\000\040\004\077\004\065\004\100\004\062\004\113\004\105\000\040\000r\000\040\004\101\004\076\004\061\004\101\004\102\004\062\004\065\004\075\004\075\004\113\004\105\000\040\004\102\004\100\004\076\004\065\004\072}{chapter.1}% 5
\BOOKMARK [1][]{section.1.4}{\376\377\0001\000.\0004\000.\000\040\000\040\004\055\004\102\004\060\004\077\000\040\0004\000.\000\040\004\024\004\070\004\060\004\063\004\076\004\075\004\060\004\073\004\114\004\075\004\076\004\065\000\040\004\103\004\101\004\100\004\065\004\064\004\075\004\065\004\075\004\070\004\065}{chapter.1}% 6
\BOOKMARK [0][]{chapter.2}{\376\377\000\040\0002\000.\000\040\000\040\004\020\004\100\004\105\004\070\004\102\004\065\004\072\004\102\004\103\004\100\004\113\000\040\004\075\004\065\004\071\004\100\004\076\004\075\004\075\004\113\004\105\000\040\004\101\004\065\004\102\004\065\004\071}{}% 7
\BOOKMARK [1][]{section.2.1}{\376\377\0002\000.\0001\000.\000\040\000\040\000A\000r\000t\000i\000f\000i\000c\000i\000a\000l\000\040\000N\000e\000u\000r\000a\000l\000\040\000N\000e\000t\000w\000o\000r\000k\000\040\000\050\000A\000N\000N\000\051}{chapter.2}% 8
\BOOKMARK [1][]{section.2.2}{\376\377\0002\000.\0002\000.\000\040\000\040\000R\000e\000c\000u\000r\000r\000e\000n\000t\000\040\000n\000e\000u\000r\000a\000l\000\040\000n\000e\000t\000w\000o\000r\000k\000\040\000\050\000R\000N\000N\000\051}{chapter.2}% 9
\BOOKMARK [1][]{section.2.3}{\376\377\0002\000.\0003\000.\000\040\000\040\000L\000o\000n\000g\000\040\000s\000h\000o\000r\000t\000-\000t\000e\000r\000m\000\040\000m\000e\000m\000o\000r\000y\000\040\000\050\000L\000S\000T\000M\000\051}{chapter.2}% 10
\BOOKMARK [1][]{section.2.4}{\376\377\0002\000.\0004\000.\000\040\000\040\000G\000a\000t\000e\000d\000\040\000R\000e\000c\000u\000r\000r\000e\000n\000t\000\040\000U\000n\000i\000t\000\040\000\050\000G\000R\000U\000\051}{chapter.2}% 11
\BOOKMARK [0][]{chapter.3}{\376\377\000\040\0003\000.\000\040\000\040\004\030\004\101\004\077\004\076\004\073\004\114\004\067\004\076\004\062\004\060\004\075\004\070\004\065\000\040\000S\000S\000A\000\040\004\062\000\040\004\074\004\060\004\110\004\070\004\075\004\075\004\076\004\074\000\040\004\076\004\061\004\103\004\107\004\065\004\075\004\070\004\070}{}% 12
\BOOKMARK [1][]{section.3.1}{\376\377\0003\000.\0001\000.\000\040\000\040\004\027\004\060\004\064\004\060\004\107\004\060}{chapter.3}% 13
\BOOKMARK [1][]{section.3.2}{\376\377\0003\000.\0002\000.\000\040\000\040\004\037\004\076\004\064\004\063\004\076\004\102\004\076\004\062\004\072\004\060\000\040\004\064\004\060\004\075\004\075\004\113\004\105}{chapter.3}% 14
\BOOKMARK [1][]{section.3.3}{\376\377\0003\000.\0003\000.\000\040\000\040\004\036\004\061\004\103\004\107\004\065\004\075\004\070\004\065\000\040\004\075\004\065\004\071\004\100\004\076\004\075\004\075\004\076\004\071\000\040\004\101\004\065\004\102\004\070}{chapter.3}% 15
\BOOKMARK [1][]{section.3.4}{\376\377\0003\000.\0004\000.\000\040\000\040\004\037\004\100\004\076\004\063\004\075\004\076\004\067\004\070\004\100\004\076\004\062\004\060\004\075\004\070\004\065}{chapter.3}% 16
\BOOKMARK [1][]{section.3.5}{\376\377\0003\000.\0005\000.\000\040\000\040\004\034\004\065\004\102\004\100\004\070\004\072\004\070\000\040\004\072\004\060\004\107\004\065\004\101\004\102\004\062\004\060\000\040\004\077\004\100\004\076\004\063\004\075\004\076\004\067\004\060}{chapter.3}% 17
\BOOKMARK [1][]{section.3.6}{\376\377\0003\000.\0006\000.\000\040\000\040\004\034\004\065\004\102\004\076\004\064\004\070\004\072\004\060\000\040\004\077\004\100\004\070\004\074\004\065\004\075\004\065\004\075\004\070\004\117\000\040\004\070\000\040\004\101\004\100\004\060\004\062\004\075\004\065\004\075\004\070\004\117\000\040\004\074\004\065\004\102\004\076\004\064\004\076\004\062}{chapter.3}% 18
\BOOKMARK [0][]{chapter.4}{\376\377\000\040\0004\000.\000\040\000\040\004\034\004\076\004\064\004\065\004\073\004\114\004\075\004\113\004\065\000\040\004\064\004\060\004\075\004\075\004\113\004\065}{}% 19
\BOOKMARK [1][]{section.4.1}{\376\377\0004\000.\0001\000.\000\040\000\040\004\041\004\103\004\074\004\074\004\060\000\040\004\064\004\062\004\103\004\105\000\040\004\101\004\070\004\075\004\103\004\101\004\076\004\062\000\040\004\101\000\040\004\061\004\065\004\073\004\113\004\074\000\040\004\110\004\103\004\074\004\076\004\074}{chapter.4}% 20
\BOOKMARK [1][]{section.4.2}{\376\377\0004\000.\0002\000.\000\040\000\040\004\041\004\103\004\074\004\074\004\060\000\040\004\064\004\062\004\103\004\105\000\040\004\101\004\070\004\075\004\103\004\101\004\076\004\062\000\040\004\101\000\040\004\072\004\100\004\060\004\101\004\075\004\113\004\074\000\040\004\110\004\103\004\074\004\076\004\074\000.\000\040\004\040\004\117\004\064\000\040\004\101\000\040\004\102\004\100\004\103\004\064\004\075\004\076\000\040\004\076\004\102\004\064\004\065\004\073\004\070\004\074\004\113\004\074\000\040\004\101\004\070\004\063\004\075\004\060\004\073\004\076\004\074}{chapter.4}% 21
\BOOKMARK [1][]{section.4.3}{\376\377\0004\000.\0003\000.\000\040\000\040\004\041\004\103\004\074\004\074\004\060\004\100\004\075\004\113\004\065\000\040\004\100\004\065\004\067\004\103\004\073\004\114\004\102\004\060\004\102\004\113\000\040\004\077\004\076\000\040\004\074\004\076\004\064\004\065\004\073\004\114\004\075\004\113\004\071\000\040\004\100\004\117\004\064\004\060\004\074}{chapter.4}% 22
\BOOKMARK [0][]{chapter.5}{\376\377\000\040\0005\000.\000\040\000\040\004\040\004\065\004\060\004\073\004\114\004\075\004\113\004\065\000\040\004\064\004\060\004\075\004\075\004\113\004\065}{}% 23
\BOOKMARK [1][]{section.5.1}{\376\377\0005\000.\0001\000.\000\040\000\040\004\041\004\100\004\065\004\064\004\075\004\065\004\074\004\065\004\101\004\117\004\107\004\075\004\113\004\065\000\040\004\076\004\101\004\060\004\064\004\072\004\070\000\040\004\062\000\040\004\030\004\075\004\064\004\070\004\070}{chapter.5}% 24
\BOOKMARK [1][]{section.5.2}{\376\377\0005\000.\0002\000.\000\040\000\040\000E\000a\000r\000t\000h\000\040\000O\000r\000i\000e\000n\000t\000a\000t\000i\000o\000n\000\040\000P\000a\000r\000a\000m\000e\000t\000e\000r\000s\000\040\000\050\000E\000O\000P\000\051}{chapter.5}% 25
\BOOKMARK [1][]{section.5.3}{\376\377\0005\000.\0003\000.\000\040\000\040\004\037\004\076\004\063\004\076\004\064\004\060}{chapter.5}% 26
\BOOKMARK [1][]{section.5.4}{\376\377\0005\000.\0004\000.\000\040\000\040\004\041\004\103\004\074\004\074\004\060\004\100\004\075\004\113\004\065\000\040\004\100\004\065\004\067\004\103\004\073\004\114\004\102\004\060\004\102\004\113\000\040\004\077\004\076\000\040\004\100\004\065\004\060\004\073\004\114\004\075\004\113\004\074\000\040\004\064\004\060\004\075\004\075\004\113\004\074}{chapter.5}% 27
\BOOKMARK [0][]{chapter*.151}{\376\377\004\027\004\060\004\072\004\073\004\116\004\107\004\065\004\075\004\070\004\065}{}% 28
\BOOKMARK [0][]{chapter*.152}{\376\377\000\040}{}% 29
\BOOKMARK [0][]{appendix.A}{\376\377\000\040\000.\000\040\000\040\004\034\004\076\004\064\004\065\004\073\004\114\004\075\004\113\004\065\000\040\004\064\004\060\004\075\004\075\004\113\004\065}{}% 30
\BOOKMARK [1][]{section.A.1}{\376\377\000.\0001\000.\000\040\000\040\004\041\004\103\004\074\004\074\004\060\000\040\004\101\004\070\004\075\004\103\004\101\004\076\004\062\000\040\004\101\000\040\004\061\004\065\004\073\004\113\004\074\000\040\004\110\004\103\004\074\004\076\004\074}{appendix.A}% 31
\BOOKMARK [1][]{section.A.2}{\376\377\000.\0002\000.\000\040\000\040\004\032\004\100\004\060\004\101\004\075\004\113\004\071\000\040\004\110\004\103\004\074}{appendix.A}% 32
\BOOKMARK [0][]{appendix.B}{\376\377\000\040\000.\000\040\000\040\004\040\004\065\004\060\004\073\004\114\004\075\004\113\004\065\000\040\004\064\004\060\004\075\004\075\004\113\004\065}{}% 33
\BOOKMARK [1][]{section.B.1}{\376\377\000.\0001\000.\000\040\000\040\000E\000a\000r\000t\000h\000\040\000O\000r\000i\000e\000n\000t\000a\000t\000i\000o\000n\000\040\000P\000a\000r\000a\000m\000e\000t\000e\000r\000s\000\040\000\050\000E\000O\000P\000\051}{appendix.B}% 34
\BOOKMARK [1][]{section.B.2}{\376\377\000.\0002\000.\000\040\000\040\004\037\004\076\004\063\004\076\004\064\004\060}{appendix.B}% 35
