\BOOKMARK [0][]{chapter*.2}{}{}% 1
\BOOKMARK [0][]{chapter.1}{\376\377\000\040\0001\000.\000\040\000\040\000S\000i\000n\000g\000u\000l\000a\000r\000\040\000S\000p\000e\000c\000t\000r\000u\000m\000\040\000A\000n\000a\000l\000y\000s\000i\000s}{}% 2
\BOOKMARK [1][]{section.1.1}{\376\377\0001\000.\0001\000.\000\040\000\040\000\040\000S\000S\000A}{chapter.1}% 3
\BOOKMARK [2][-]{subsection.1.1.1}{\376\377\0001\000.\0001\000.\0001\000.\000\040\000\040\000\040\0001\000.\000\040\000\040\000\040\000\040\000\050\000\051}{section.1.1}% 4
\BOOKMARK [2][-]{subsection.1.1.2}{\376\377\0001\000.\0001\000.\0002\000.\000\040\000\040\000\040\0002\000.\000\040\000S\000i\000n\000g\000u\000l\000a\000r\000\040\000V\000a\000l\000u\000e\000\040\000D\000e\000c\000o\000m\000p\000o\000s\000i\000t\000i\000o\000n\000\040\000\050\000S\000V\000D\000\051}{section.1.1}% 5
\BOOKMARK [2][-]{subsection.1.1.3}{\376\377\0001\000.\0001\000.\0003\000.\000\040\000\040\000\040\0003\000.\000\040\000\040\000\040\000r\000\040\000\040}{section.1.1}% 6
\BOOKMARK [2][-]{subsection.1.1.4}{\376\377\0001\000.\0001\000.\0004\000.\000\040\000\040\000\040\0004\000.\000\040\000\040}{section.1.1}% 7
\BOOKMARK [0][]{chapter.2}{\376\377\000\040\0002\000.\000\040\000\040\000\040\000S\000S\000A\000\040\000\040\000\040}{}% 8
\BOOKMARK [1][]{section.2.1}{\376\377\0002\000.\0001\000.\000\040\000\040}{chapter.2}% 9
\BOOKMARK [1][]{section.2.2}{\376\377\0002\000.\0002\000.\000\040\000\040\000\040}{chapter.2}% 10
\BOOKMARK [2][-]{subsection.2.2.1}{\376\377\0002\000.\0002\000.\0001\000.\000\040\000\040\000S\000S\000A\000-\000p\000r\000e\000p\000r\000o\000c\000e\000s\000s\000i\000n\000g}{section.2.2}% 11
\BOOKMARK [1][]{section.2.3}{\376\377\0002\000.\0003\000.\000\040\000\040}{chapter.2}% 12
\BOOKMARK [1][]{section.2.4}{\376\377\0002\000.\0004\000.\000\040\000\040}{chapter.2}% 13
\BOOKMARK [1][]{section.2.5}{\376\377\0002\000.\0005\000.\000\040\000\040}{chapter.2}% 14
\BOOKMARK [0][]{chapter.3}{\376\377\000\040\0003\000.\000\040\000\040\000S\000S\000A\000\040\000\046\000\040\000A\000N\000N}{}% 15
\BOOKMARK [1][]{section.3.1}{\376\377\0003\000.\0001\000.\000\040\000\040\000\040\000\040}{chapter.3}% 16
\BOOKMARK [2][-]{subsection.3.1.1}{\376\377\0003\000.\0001\000.\0001\000.\000\040\000\040\000\040}{section.3.1}% 17
\BOOKMARK [2][-]{subsection.3.1.2}{\376\377\0003\000.\0001\000.\0002\000.\000\040\000\040}{section.3.1}% 18
\BOOKMARK [2][-]{subsection.3.1.3}{\376\377\0003\000.\0001\000.\0003\000.\000\040\000\040\000\040}{section.3.1}% 19
\BOOKMARK [2][-]{subsection.3.1.4}{\376\377\0003\000.\0001\000.\0004\000.\000\040\000\040\000\040\000\040}{section.3.1}% 20
\BOOKMARK [2][-]{subsection.3.1.5}{\376\377\0003\000.\0001\000.\0005\000.\000\040\000\040}{section.3.1}% 21
\BOOKMARK [1][]{section.3.2}{\376\377\0003\000.\0002\000.\000\040\000\040\000\040}{chapter.3}% 22
\BOOKMARK [2][-]{subsection.3.2.1}{\376\377\0003\000.\0002\000.\0001\000.\000\040\000\040\000\040}{section.3.2}% 23
\BOOKMARK [2][-]{subsection.3.2.2}{\376\377\0003\000.\0002\000.\0002\000.\000\040\000\040}{section.3.2}% 24
\BOOKMARK [2][-]{subsection.3.2.3}{\376\377\0003\000.\0002\000.\0003\000.\000\040\000\040\000,\000\040\000\040\000\040}{section.3.2}% 25
\BOOKMARK [2][-]{subsection.3.2.4}{\376\377\0003\000.\0002\000.\0004\000.\000\040\000\040}{section.3.2}% 26
\BOOKMARK [1][]{section.3.3}{\376\377\0003\000.\0003\000.\000\040\000\040}{chapter.3}% 27
\BOOKMARK [0][]{chapter*.10}{}{}% 28
\BOOKMARK [0][]{chapter*.11}{\376\377\000\040}{}% 29
